Copyright 1986-2019 Xilinx, Inc. All Rights Reserved.
---------------------------------------------------------------------------------------
| Tool Version : Vivado v.2019.2 (win64) Build 2708876 Wed Nov  6 21:40:23 MST 2019
| Date         : Tue Feb 28 16:51:11 2023
| Host         : Tsunami running 64-bit major release  (build 9200)
| Command      : report_clock_utilization -file top_image_clock_utilization_routed.rpt
| Design       : top_image
| Device       : 7a35t-ftg256
| Speed File   : -1  PRODUCTION 1.23 2018-06-13
| Design State : Routed
---------------------------------------------------------------------------------------

Clock Utilization Report

Table of Contents
-----------------
1. Clock Primitive Utilization
2. Global Clock Resources
3. Global Clock Source Details
4. Local Clock Details
5. Clock Regions: Key Resource Utilization
6. Clock Regions : Global Clock Summary
7. Device Cell Placement Summary for Global Clock g0
8. Device Cell Placement Summary for Global Clock g1
9. Device Cell Placement Summary for Global Clock g2
10. Device Cell Placement Summary for Global Clock g3
11. Device Cell Placement Summary for Global Clock g4
12. Device Cell Placement Summary for Global Clock g5
13. Device Cell Placement Summary for Global Clock g6
14. Device Cell Placement Summary for Global Clock g7
15. Device Cell Placement Summary for Global Clock g8
16. Clock Region Cell Placement per Global Clock: Region X0Y0
17. Clock Region Cell Placement per Global Clock: Region X1Y0
18. Clock Region Cell Placement per Global Clock: Region X0Y1
19. Clock Region Cell Placement per Global Clock: Region X1Y1
20. Clock Region Cell Placement per Global Clock: Region X0Y2

1. Clock Primitive Utilization
------------------------------

+----------+------+-----------+-----+--------------+--------+
| Type     | Used | Available | LOC | Clock Region | Pblock |
+----------+------+-----------+-----+--------------+--------+
| BUFGCTRL |    8 |        32 |   0 |            0 |      0 |
| BUFH     |    1 |        72 |   0 |            0 |      0 |
| BUFIO    |    0 |        20 |   0 |            0 |      0 |
| BUFMR    |    0 |        10 |   0 |            0 |      0 |
| BUFR     |    0 |        20 |   0 |            0 |      0 |
| MMCM     |    2 |         5 |   1 |            0 |      0 |
| PLL      |    1 |         5 |   1 |            0 |      0 |
+----------+------+-----------+-----+--------------+--------+


2. Global Clock Resources
-------------------------

+-----------+-----------+-----------------+------------+----------------+--------------+-------------------+-------------+-----------------+--------------+--------------------+----------------------------------------------------------------------------------------------+-------------------------------------------------------------------------------------+
| Global Id | Source Id | Driver Type/Pin | Constraint | Site           | Clock Region | Load Clock Region | Clock Loads | Non-Clock Loads | Clock Period | Clock              | Driver Pin                                                                                   | Net                                                                                 |
+-----------+-----------+-----------------+------------+----------------+--------------+-------------------+-------------+-----------------+--------------+--------------------+----------------------------------------------------------------------------------------------+-------------------------------------------------------------------------------------+
| g0        | src0      | BUFG/O          | None       | BUFGCTRL_X0Y16 | n/a          |                 5 |        4348 |               0 |       10.000 | clk_pll_i          | uut_M_ddr3_cache/u_mig_7series_0/u_mig_7series_0_mig/u_ddr3_infrastructure/u_bufg_clkdiv0/O  | uut_M_ddr3_cache/u_mig_7series_0/u_mig_7series_0_mig/u_ddr3_infrastructure/CLK      |
| g1        | src1      | BUFG/O          | None       | BUFGCTRL_X0Y3  | n/a          |                 4 |         150 |               0 |       13.333 | clk_out3_clk_wiz_0 | uut_clk_wiz_0/inst/clkout3_buf/O                                                             | uut_clk_wiz_0/inst/clk_out3                                                         |
| g2        | src1      | BUFG/O          | None       | BUFGCTRL_X0Y4  | n/a          |                 2 |         127 |               0 |       20.000 | clk_out2_clk_wiz_0 | uut_clk_wiz_0/inst/clkout2_buf/O                                                             | uut_clk_wiz_0/inst/clk_out2                                                         |
| g3        | src1      | BUFG/O          | None       | BUFGCTRL_X0Y0  | n/a          |                 2 |          63 |               0 |        5.000 | clk_out5_clk_wiz_0 | uut_clk_wiz_0/inst/clkout5_buf/O                                                             | uut_clk_wiz_0/inst/clk_out5                                                         |
| g4        | src2      | BUFG/O          | None       | BUFGCTRL_X0Y5  | n/a          |                 1 |          31 |               0 |              |                    | i_image_sensor_pclk_IBUF_BUFG_inst/O                                                         | i_image_sensor_pclk_IBUF_BUFG                                                       |
| g5        | src3      | BUFH/O          | None       | BUFHCE_X0Y12   | X0Y1         |                 1 |           1 |               0 |       10.000 | pll_clk3_out       | uut_M_ddr3_cache/u_mig_7series_0/u_mig_7series_0_mig/u_ddr3_infrastructure/u_bufh_pll_clk3/O | uut_M_ddr3_cache/u_mig_7series_0/u_mig_7series_0_mig/u_ddr3_infrastructure/pll_clk3 |
| g6        | src1      | BUFG/O          | None       | BUFGCTRL_X0Y6  | n/a          |                 1 |           1 |               0 |       20.000 | clkfbout_clk_wiz_0 | uut_clk_wiz_0/inst/clkf_buf/O                                                                | uut_clk_wiz_0/inst/clkfbout_buf_clk_wiz_0                                           |
| g7        | src1      | BUFG/O          | None       | BUFGCTRL_X0Y1  | n/a          |                 1 |           0 |               1 |       40.000 | clk_out1_clk_wiz_0 | uut_clk_wiz_0/inst/clkout1_buf/O                                                             | uut_clk_wiz_0/inst/clk_out1                                                         |
| g8        | src1      | BUFG/O          | None       | BUFGCTRL_X0Y2  | n/a          |                 1 |           0 |               1 |       13.333 | clk_out4_clk_wiz_0 | uut_clk_wiz_0/inst/clkout4_buf/O                                                             | uut_clk_wiz_0/inst/clk_out4                                                         |
+-----------+-----------+-----------------+------------+----------------+--------------+-------------------+-------------+-----------------+--------------+--------------------+----------------------------------------------------------------------------------------------+-------------------------------------------------------------------------------------+
* Clock Loads column represents the clock pin loads (pin count)
** Non-Clock Loads column represents the non-clock pin loads (pin count)


3. Global Clock Source Details
------------------------------

+-----------+-----------+---------------------+-----------------+-----------------+--------------+-------------+-----------------+---------------------+--------------------+-----------------------------------------------------------------------------------------------------+-----------------------------------------------------------------------------------------+
| Source Id | Global Id | Driver Type/Pin     | Constraint      | Site            | Clock Region | Clock Loads | Non-Clock Loads | Source Clock Period | Source Clock       | Driver Pin                                                                                          | Net                                                                                     |
+-----------+-----------+---------------------+-----------------+-----------------+--------------+-------------+-----------------+---------------------+--------------------+-----------------------------------------------------------------------------------------------------+-----------------------------------------------------------------------------------------+
| src0      | g0        | MMCME2_ADV/CLKFBOUT | MMCME2_ADV_X0Y1 | MMCME2_ADV_X0Y1 | X0Y1         |           1 |               0 |              10.000 | clk_pll_i          | uut_M_ddr3_cache/u_mig_7series_0/u_mig_7series_0_mig/u_ddr3_infrastructure/gen_mmcm.mmcm_i/CLKFBOUT | uut_M_ddr3_cache/u_mig_7series_0/u_mig_7series_0_mig/u_ddr3_infrastructure/clk_pll_i    |
| src1      | g7        | MMCME2_ADV/CLKOUT0  | None            | MMCME2_ADV_X0Y0 | X0Y0         |           1 |               0 |              40.000 | clk_out1_clk_wiz_0 | uut_clk_wiz_0/inst/mmcm_adv_inst/CLKOUT0                                                            | uut_clk_wiz_0/inst/clk_out1_clk_wiz_0                                                   |
| src1      | g2        | MMCME2_ADV/CLKOUT1  | None            | MMCME2_ADV_X0Y0 | X0Y0         |           1 |               0 |              20.000 | clk_out2_clk_wiz_0 | uut_clk_wiz_0/inst/mmcm_adv_inst/CLKOUT1                                                            | uut_clk_wiz_0/inst/clk_out2_clk_wiz_0                                                   |
| src1      | g1        | MMCME2_ADV/CLKOUT2  | None            | MMCME2_ADV_X0Y0 | X0Y0         |           1 |               0 |              13.333 | clk_out3_clk_wiz_0 | uut_clk_wiz_0/inst/mmcm_adv_inst/CLKOUT2                                                            | uut_clk_wiz_0/inst/clk_out3_clk_wiz_0                                                   |
| src1      | g8        | MMCME2_ADV/CLKOUT2B | None            | MMCME2_ADV_X0Y0 | X0Y0         |           1 |               0 |              13.333 | clk_out4_clk_wiz_0 | uut_clk_wiz_0/inst/mmcm_adv_inst/CLKOUT2B                                                           | uut_clk_wiz_0/inst/clk_out4_clk_wiz_0                                                   |
| src1      | g3        | MMCME2_ADV/CLKOUT4  | None            | MMCME2_ADV_X0Y0 | X0Y0         |           1 |               0 |               5.000 | clk_out5_clk_wiz_0 | uut_clk_wiz_0/inst/mmcm_adv_inst/CLKOUT4                                                            | uut_clk_wiz_0/inst/clk_out5_clk_wiz_0                                                   |
| src1      | g6        | MMCME2_ADV/CLKFBOUT | None            | MMCME2_ADV_X0Y0 | X0Y0         |           1 |               0 |              20.000 | clkfbout_clk_wiz_0 | uut_clk_wiz_0/inst/mmcm_adv_inst/CLKFBOUT                                                           | uut_clk_wiz_0/inst/clkfbout_clk_wiz_0                                                   |
| src2      | g4        | IBUF/O              | IOB_X1Y70       | IOB_X1Y70       | X1Y1         |           1 |               0 |                     |                    | i_image_sensor_pclk_IBUF_inst/O                                                                     | i_image_sensor_pclk_IBUF                                                                |
| src3      | g5        | PLLE2_ADV/CLKOUT3   | PLLE2_ADV_X0Y1  | PLLE2_ADV_X0Y1  | X0Y1         |           1 |               0 |              10.000 | pll_clk3_out       | uut_M_ddr3_cache/u_mig_7series_0/u_mig_7series_0_mig/u_ddr3_infrastructure/plle2_i/CLKOUT3          | uut_M_ddr3_cache/u_mig_7series_0/u_mig_7series_0_mig/u_ddr3_infrastructure/pll_clk3_out |
+-----------+-----------+---------------------+-----------------+-----------------+--------------+-------------+-----------------+---------------------+--------------------+-----------------------------------------------------------------------------------------------------+-----------------------------------------------------------------------------------------+
* Clock Loads column represents the clock pin loads (pin count)
** Non-Clock Loads column represents the non-clock pin loads (pin count)


4. Local Clock Details
----------------------

+----------+----------------------------+---------------------+------------------------------------+--------------+-------------+-----------------+--------------+---------------+---------------------------------------------------------------------------------------------------------------------------------------------------------------------------------------------------------------------------+------------------------------------------------------------------------------------------------------------------------------------------------------------------------------------------------------------------------+
| Local Id | Driver Type/Pin            | Constraint          | Site/BEL                           | Clock Region | Clock Loads | Non-Clock Loads | Clock Period | Clock         | Driver Pin                                                                                                                                                                                                                | Net                                                                                                                                                                                                                    |
+----------+----------------------------+---------------------+------------------------------------+--------------+-------------+-----------------+--------------+---------------+---------------------------------------------------------------------------------------------------------------------------------------------------------------------------------------------------------------------------+------------------------------------------------------------------------------------------------------------------------------------------------------------------------------------------------------------------------||
| 0        | PLLE2_ADV/CLKOUT0          | PLLE2_ADV_X0Y1      | PLLE2_ADV_X0Y1/PLLE2_ADV           | X0Y1         |           5 |               2 |        1.250 | freq_refclk   | uut_M_ddr3_cache/u_mig_7series_0/u_mig_7series_0_mig/u_ddr3_infrastructure/plle2_i/CLKOUT0                                                                                                                                | uut_M_ddr3_cache/u_mig_7series_0/u_mig_7series_0_mig/u_ddr3_infrastructure/freq_refclk                                                                                                                                 - Static -
| 1        | PHASER_OUT_PHY/OCLKDELAYED | PHASER_OUT_PHY_X0Y4 | PHASER_OUT_PHY_X0Y4/PHASER_OUT_PHY | X0Y1         |           2 |               0 |        2.500 | oserdes_clk   | uut_M_ddr3_cache/u_mig_7series_0/u_mig_7series_0_mig/u_memc_ui_top_std/mem_intfc0/ddr_phy_top0/u_ddr_mc_phy_wrapper/u_ddr_mc_phy/ddr_phy_4lanes_0.u_ddr_phy_4lanes/ddr_byte_lane_A.ddr_byte_lane_A/phaser_out/OCLKDELAYED | uut_M_ddr3_cache/u_mig_7series_0/u_mig_7series_0_mig/u_memc_ui_top_std/mem_intfc0/ddr_phy_top0/u_ddr_mc_phy_wrapper/u_ddr_mc_phy/ddr_phy_4lanes_0.u_ddr_phy_4lanes/ddr_byte_lane_A.ddr_byte_lane_A/oserdes_clk_delayed - Static -
| 2        | PHASER_OUT_PHY/OCLKDELAYED | PHASER_OUT_PHY_X0Y5 | PHASER_OUT_PHY_X0Y5/PHASER_OUT_PHY | X0Y1         |           2 |               0 |        2.500 | oserdes_clk_1 | uut_M_ddr3_cache/u_mig_7series_0/u_mig_7series_0_mig/u_memc_ui_top_std/mem_intfc0/ddr_phy_top0/u_ddr_mc_phy_wrapper/u_ddr_mc_phy/ddr_phy_4lanes_0.u_ddr_phy_4lanes/ddr_byte_lane_B.ddr_byte_lane_B/phaser_out/OCLKDELAYED | uut_M_ddr3_cache/u_mig_7series_0/u_mig_7series_0_mig/u_memc_ui_top_std/mem_intfc0/ddr_phy_top0/u_ddr_mc_phy_wrapper/u_ddr_mc_phy/ddr_phy_4lanes_0.u_ddr_phy_4lanes/ddr_byte_lane_B.ddr_byte_lane_B/oserdes_clk_delayed - Static -
| 3        | PLLE2_ADV/CLKOUT1          | PLLE2_ADV_X0Y1      | PLLE2_ADV_X0Y1/PLLE2_ADV           | X0Y1         |           1 |               6 |        2.500 | mem_refclk    | uut_M_ddr3_cache/u_mig_7series_0/u_mig_7series_0_mig/u_ddr3_infrastructure/plle2_i/CLKOUT1                                                                                                                                | uut_M_ddr3_cache/u_mig_7series_0/u_mig_7series_0_mig/u_ddr3_infrastructure/mem_refclk                                                                                                                                  - Static -
+----------+----------------------------+---------------------+------------------------------------+--------------+-------------+-----------------+--------------+---------------+---------------------------------------------------------------------------------------------------------------------------------------------------------------------------------------------------------------------------+------------------------------------------------------------------------------------------------------------------------------------------------------------------------------------------------------------------------||
* Local Clocks in this context represents only clocks driven by non-global buffers
** Clock Loads column represents the clock pin loads (pin count)
*** Non-Clock Loads column represents the non-clock pin loads (pin count)


5. Clock Regions: Key Resource Utilization
------------------------------------------

+-------------------+--------------+--------------+--------------+--------------+--------------+--------------+--------------+--------------+--------------+--------------+--------------+--------------+--------------+--------------+--------------+
|                   | Global Clock |     BUFRs    |    BUFMRs    |    BUFIOs    |     MMCM     |      PLL     |      GT      |      PCI     |    ILOGIC    |    OLOGIC    |      FF      |     LUTM     |    RAMB18    |    RAMB36    |    DSP48E2   |
+-------------------+------+-------+------+-------+------+-------+------+-------+------+-------+------+-------+------+-------+------+-------+------+-------+------+-------+------+-------+------+-------+------+-------+------+-------+------+-------+
| Clock Region Name | Used | Avail | Used | Avail | Used | Avail | Used | Avail | Used | Avail | Used | Avail | Used | Avail | Used | Avail | Used | Avail | Used | Avail | Used | Avail | Used | Avail | Used | Avail | Used | Avail | Used | Avail |
+-------------------+------+-------+------+-------+------+-------+------+-------+------+-------+------+-------+------+-------+------+-------+------+-------+------+-------+------+-------+------+-------+------+-------+------+-------+------+-------+
| X0Y0              |    5 |    12 |    0 |     4 |    0 |     2 |    0 |     4 |    1 |     1 |    0 |     1 |    0 |     0 |    0 |     0 |    0 |    50 |    0 |    50 |  510 |  1200 |  224 |   400 |    0 |    20 |    1 |    10 |    0 |    20 |
| X1Y0              |    2 |    12 |    0 |     4 |    0 |     2 |    0 |     4 |    0 |     1 |    0 |     1 |    0 |     0 |    0 |     0 |    0 |    50 |    0 |    50 |   42 |  1500 |    7 |   450 |    0 |    40 |    0 |    20 |    0 |    20 |
| X0Y1              |    5 |    12 |    0 |     4 |    0 |     2 |    0 |     4 |    1 |     1 |    1 |     1 |    0 |     0 |    0 |     0 |    0 |    50 |    4 |    50 | 2653 |  1200 |  793 |   400 |    0 |    20 |    1 |    10 |    0 |    20 |
| X1Y1              |    5 |    12 |    0 |     4 |    0 |     2 |    0 |     4 |    0 |     1 |    0 |     1 |    0 |     0 |    0 |     0 |    0 |    50 |    0 |    50 | 1302 |  1500 |  316 |   450 |    0 |    40 |    2 |    20 |    0 |    20 |
| X0Y2              |    1 |    12 |    0 |     4 |    0 |     2 |    0 |     4 |    0 |     1 |    0 |     1 |    0 |     0 |    0 |     0 |    0 |    50 |    0 |    50 |   16 |  1800 |   11 |   400 |    0 |    20 |    0 |    10 |    0 |    20 |
| X1Y2              |    0 |    12 |    0 |     0 |    0 |     0 |    0 |     0 |    0 |     0 |    0 |     0 |    0 |     4 |    0 |     1 |    0 |     0 |    0 |     0 |    0 |   950 |    0 |   300 |    0 |    10 |    0 |     5 |    0 |    20 |
+-------------------+------+-------+------+-------+------+-------+------+-------+------+-------+------+-------+------+-------+------+-------+------+-------+------+-------+------+-------+------+-------+------+-------+------+-------+------+-------+
* Global Clock column represents track count; while other columns represents cell counts


6. Clock Regions : Global Clock Summary
---------------------------------------

All Modules
+----+----+----+
|    | X0 | X1 |
+----+----+----+
| Y2 |  1 |  0 |
| Y1 |  5 |  5 |
| Y0 |  5 |  2 |
+----+----+----+


7. Device Cell Placement Summary for Global Clock g0
----------------------------------------------------

+-----------+-----------------+-------------------+-----------+-------------+---------------+-------------+----------+----------------+----------+--------------------------------------------------------------------------------+
| Global Id | Driver Type/Pin | Driver Region (D) | Clock     | Period (ns) | Waveform (ns) | Slice Loads | IO Loads | Clocking Loads | GT Loads | Net                                                                            |
+-----------+-----------------+-------------------+-----------+-------------+---------------+-------------+----------+----------------+----------+--------------------------------------------------------------------------------+
| g0        | BUFG/O          | n/a               | clk_pll_i |      10.000 | {0.000 5.000} |        4219 |        0 |              1 |        0 | uut_M_ddr3_cache/u_mig_7series_0/u_mig_7series_0_mig/u_ddr3_infrastructure/CLK |
+-----------+-----------------+-------------------+-----------+-------------+---------------+-------------+----------+----------------+----------+--------------------------------------------------------------------------------+
* Slice Loads column represents load cell count of all cell types other than IO, GT and clock resources
** IO Loads column represents load cell count of IO types
*** Clocking Loads column represents load cell count that are clock resources (global clock buffer, MMCM, PLL, etc)
**** GT Loads column represents load cell count of GT types


+----+-------+-------+
|    | X0    | X1    |
+----+-------+-------+
| Y2 |    16 |     0 |
| Y1 |  2680 |  1196 |
| Y0 |   324 |     4 |
+----+-------+-------+


8. Device Cell Placement Summary for Global Clock g1
----------------------------------------------------

+-----------+-----------------+-------------------+--------------------+-------------+---------------+-------------+----------+----------------+----------+-----------------------------+
| Global Id | Driver Type/Pin | Driver Region (D) | Clock              | Period (ns) | Waveform (ns) | Slice Loads | IO Loads | Clocking Loads | GT Loads | Net                         |
+-----------+-----------------+-------------------+--------------------+-------------+---------------+-------------+----------+----------------+----------+-----------------------------+
| g1        | BUFG/O          | n/a               | clk_out3_clk_wiz_0 |      13.333 | {0.000 6.667} |         150 |        0 |              0 |        0 | uut_clk_wiz_0/inst/clk_out3 |
+-----------+-----------------+-------------------+--------------------+-------------+---------------+-------------+----------+----------------+----------+-----------------------------+
* Slice Loads column represents load cell count of all cell types other than IO, GT and clock resources
** IO Loads column represents load cell count of IO types
*** Clocking Loads column represents load cell count that are clock resources (global clock buffer, MMCM, PLL, etc)
**** GT Loads column represents load cell count of GT types


+----+-----+-----+
|    | X0  | X1  |
+----+-----+-----+
| Y2 |   0 |   0 |
| Y1 |   2 |  71 |
| Y0 |  39 |  38 |
+----+-----+-----+


9. Device Cell Placement Summary for Global Clock g2
----------------------------------------------------

+-----------+-----------------+-------------------+--------------------+-------------+----------------+-------------+----------+----------------+----------+-----------------------------+
| Global Id | Driver Type/Pin | Driver Region (D) | Clock              | Period (ns) | Waveform (ns)  | Slice Loads | IO Loads | Clocking Loads | GT Loads | Net                         |
+-----------+-----------------+-------------------+--------------------+-------------+----------------+-------------+----------+----------------+----------+-----------------------------+
| g2        | BUFG/O          | n/a               | clk_out2_clk_wiz_0 |      20.000 | {0.000 10.000} |         127 |        0 |              0 |        0 | uut_clk_wiz_0/inst/clk_out2 |
+-----------+-----------------+-------------------+--------------------+-------------+----------------+-------------+----------+----------------+----------+-----------------------------+
* Slice Loads column represents load cell count of all cell types other than IO, GT and clock resources
** IO Loads column represents load cell count of IO types
*** Clocking Loads column represents load cell count that are clock resources (global clock buffer, MMCM, PLL, etc)
**** GT Loads column represents load cell count of GT types


+----+------+----+
|    | X0   | X1 |
+----+------+----+
| Y2 |    0 |  0 |
| Y1 |    1 |  0 |
| Y0 |  126 |  0 |
+----+------+----+


10. Device Cell Placement Summary for Global Clock g3
-----------------------------------------------------

+-----------+-----------------+-------------------+--------------------+-------------+---------------+-------------+----------+----------------+----------+-----------------------------+
| Global Id | Driver Type/Pin | Driver Region (D) | Clock              | Period (ns) | Waveform (ns) | Slice Loads | IO Loads | Clocking Loads | GT Loads | Net                         |
+-----------+-----------------+-------------------+--------------------+-------------+---------------+-------------+----------+----------------+----------+-----------------------------+
| g3        | BUFG/O          | n/a               | clk_out5_clk_wiz_0 |       5.000 | {0.000 2.500} |          62 |        0 |              1 |        0 | uut_clk_wiz_0/inst/clk_out5 |
+-----------+-----------------+-------------------+--------------------+-------------+---------------+-------------+----------+----------------+----------+-----------------------------+
* Slice Loads column represents load cell count of all cell types other than IO, GT and clock resources
** IO Loads column represents load cell count of IO types
*** Clocking Loads column represents load cell count that are clock resources (global clock buffer, MMCM, PLL, etc)
**** GT Loads column represents load cell count of GT types


+----+-----+-----+
|    | X0  | X1  |
+----+-----+-----+
| Y2 |   0 |   0 |
| Y1 |  24 |  39 |
| Y0 |   0 |   0 |
+----+-----+-----+


11. Device Cell Placement Summary for Global Clock g4
-----------------------------------------------------

+-----------+-----------------+-------------------+-------+-------------+---------------+-------------+----------+----------------+----------+-------------------------------+
| Global Id | Driver Type/Pin | Driver Region (D) | Clock | Period (ns) | Waveform (ns) | Slice Loads | IO Loads | Clocking Loads | GT Loads | Net                           |
+-----------+-----------------+-------------------+-------+-------------+---------------+-------------+----------+----------------+----------+-------------------------------+
| g4        | BUFG/O          | n/a               |       |             |               |          31 |        0 |              0 |        0 | i_image_sensor_pclk_IBUF_BUFG |
+-----------+-----------------+-------------------+-------+-------------+---------------+-------------+----------+----------------+----------+-------------------------------+
* Slice Loads column represents load cell count of all cell types other than IO, GT and clock resources
** IO Loads column represents load cell count of IO types
*** Clocking Loads column represents load cell count that are clock resources (global clock buffer, MMCM, PLL, etc)
**** GT Loads column represents load cell count of GT types


+----+-----+----+
|    | X0  | X1 |
+----+-----+----+
| Y2 |   0 |  0 |
| Y1 |   0 |  0 |
| Y0 |  31 |  0 |
+----+-----+----+


12. Device Cell Placement Summary for Global Clock g5
-----------------------------------------------------

+-----------+-----------------+-------------------+--------------+-------------+---------------+-------------+----------+----------------+----------+-------------------------------------------------------------------------------------+
| Global Id | Driver Type/Pin | Driver Region (D) | Clock        | Period (ns) | Waveform (ns) | Slice Loads | IO Loads | Clocking Loads | GT Loads | Net                                                                                 |
+-----------+-----------------+-------------------+--------------+-------------+---------------+-------------+----------+----------------+----------+-------------------------------------------------------------------------------------+
| g5        | BUFH/O          | X0Y1              | pll_clk3_out |      10.000 | {0.000 5.000} |           0 |        0 |              1 |        0 | uut_M_ddr3_cache/u_mig_7series_0/u_mig_7series_0_mig/u_ddr3_infrastructure/pll_clk3 |
+-----------+-----------------+-------------------+--------------+-------------+---------------+-------------+----------+----------------+----------+-------------------------------------------------------------------------------------+
* Slice Loads column represents load cell count of all cell types other than IO, GT and clock resources
** IO Loads column represents load cell count of IO types
*** Clocking Loads column represents load cell count that are clock resources (global clock buffer, MMCM, PLL, etc)
**** GT Loads column represents load cell count of GT types


+----+--------+----+
|    | X0     | X1 |
+----+--------+----+
| Y2 |      0 |  0 |
| Y1 |  (D) 1 |  0 |
| Y0 |      0 |  0 |
+----+--------+----+


13. Device Cell Placement Summary for Global Clock g6
-----------------------------------------------------

+-----------+-----------------+-------------------+--------------------+-------------+----------------+-------------+----------+----------------+----------+-------------------------------------------+
| Global Id | Driver Type/Pin | Driver Region (D) | Clock              | Period (ns) | Waveform (ns)  | Slice Loads | IO Loads | Clocking Loads | GT Loads | Net                                       |
+-----------+-----------------+-------------------+--------------------+-------------+----------------+-------------+----------+----------------+----------+-------------------------------------------+
| g6        | BUFG/O          | n/a               | clkfbout_clk_wiz_0 |      20.000 | {0.000 10.000} |           0 |        0 |              1 |        0 | uut_clk_wiz_0/inst/clkfbout_buf_clk_wiz_0 |
+-----------+-----------------+-------------------+--------------------+-------------+----------------+-------------+----------+----------------+----------+-------------------------------------------+
* Slice Loads column represents load cell count of all cell types other than IO, GT and clock resources
** IO Loads column represents load cell count of IO types
*** Clocking Loads column represents load cell count that are clock resources (global clock buffer, MMCM, PLL, etc)
**** GT Loads column represents load cell count of GT types


+----+----+----+
|    | X0 | X1 |
+----+----+----+
| Y2 |  0 |  0 |
| Y1 |  0 |  0 |
| Y0 |  1 |  0 |
+----+----+----+


14. Device Cell Placement Summary for Global Clock g7
-----------------------------------------------------

+-----------+-----------------+-------------------+--------------------+-------------+----------------+-------------+----------+----------------+----------+-----------------------------+
| Global Id | Driver Type/Pin | Driver Region (D) | Clock              | Period (ns) | Waveform (ns)  | Slice Loads | IO Loads | Clocking Loads | GT Loads | Net                         |
+-----------+-----------------+-------------------+--------------------+-------------+----------------+-------------+----------+----------------+----------+-----------------------------+
| g7        | BUFG/O          | n/a               | clk_out1_clk_wiz_0 |      40.000 | {0.000 20.000} |           0 |        1 |              0 |        0 | uut_clk_wiz_0/inst/clk_out1 |
+-----------+-----------------+-------------------+--------------------+-------------+----------------+-------------+----------+----------------+----------+-----------------------------+
* Slice Loads column represents load cell count of all cell types other than IO, GT and clock resources
** IO Loads column represents load cell count of IO types
*** Clocking Loads column represents load cell count that are clock resources (global clock buffer, MMCM, PLL, etc)
**** GT Loads column represents load cell count of GT types


+----+----+----+
|    | X0 | X1 |
+----+----+----+
| Y2 |  0 |  0 |
| Y1 |  0 |  1 |
| Y0 |  0 |  0 |
+----+----+----+


15. Device Cell Placement Summary for Global Clock g8
-----------------------------------------------------

+-----------+-----------------+-------------------+--------------------+-------------+----------------+-------------+----------+----------------+----------+-----------------------------+
| Global Id | Driver Type/Pin | Driver Region (D) | Clock              | Period (ns) | Waveform (ns)  | Slice Loads | IO Loads | Clocking Loads | GT Loads | Net                         |
+-----------+-----------------+-------------------+--------------------+-------------+----------------+-------------+----------+----------------+----------+-----------------------------+
| g8        | BUFG/O          | n/a               | clk_out4_clk_wiz_0 |      13.333 | {6.667 13.333} |           0 |        1 |              0 |        0 | uut_clk_wiz_0/inst/clk_out4 |
+-----------+-----------------+-------------------+--------------------+-------------+----------------+-------------+----------+----------------+----------+-----------------------------+
* Slice Loads column represents load cell count of all cell types other than IO, GT and clock resources
** IO Loads column represents load cell count of IO types
*** Clocking Loads column represents load cell count that are clock resources (global clock buffer, MMCM, PLL, etc)
**** GT Loads column represents load cell count of GT types


+----+----+----+
|    | X0 | X1 |
+----+----+----+
| Y2 |  0 |  0 |
| Y1 |  0 |  1 |
| Y0 |  0 |  0 |
+----+----+----+


16. Clock Region Cell Placement per Global Clock: Region X0Y0
-------------------------------------------------------------

+-----------+-------+-----------------+------------+-------------+-----------------+-----+--------+------+-----+----+------+-----+---------+--------------------------------------------------------------------------------+
| Global Id | Track | Driver Type/Pin | Constraint | Clock Loads | Non-Clock Loads | FF  | LUTRAM | RAMB | DSP | GT | MMCM | PLL | Hard IP | Net                                                                            |
+-----------+-------+-----------------+------------+-------------+-----------------+-----+--------+------+-----+----+------+-----+---------+--------------------------------------------------------------------------------+
| g0        | n/a   | BUFG/O          | None       |         324 |               0 | 321 |      2 |    1 |   0 |  0 |    0 |   0 |       0 | uut_M_ddr3_cache/u_mig_7series_0/u_mig_7series_0_mig/u_ddr3_infrastructure/CLK |
| g1        | n/a   | BUFG/O          | None       |          39 |               0 |  39 |      0 |    0 |   0 |  0 |    0 |   0 |       0 | uut_clk_wiz_0/inst/clk_out3                                                    |
| g2        | n/a   | BUFG/O          | None       |         126 |               0 | 121 |      3 |    1 |   0 |  0 |    0 |   0 |       0 | uut_clk_wiz_0/inst/clk_out2                                                    |
| g4        | n/a   | BUFG/O          | None       |          31 |               0 |  29 |      1 |    0 |   0 |  0 |    0 |   0 |       0 | i_image_sensor_pclk_IBUF_BUFG                                                  |
| g6        | n/a   | BUFG/O          | None       |           1 |               0 |   0 |      0 |    0 |   0 |  0 |    1 |   0 |       0 | uut_clk_wiz_0/inst/clkfbout_buf_clk_wiz_0                                      |
+-----------+-------+-----------------+------------+-------------+-----------------+-----+--------+------+-----+----+------+-----+---------+--------------------------------------------------------------------------------+
* Clock Loads column represents the clock pin loads (pin count)
** Non-Clock Loads column represents the non-clock pin loads (pin count)
*** Columns FF, LUTRAM, RAMB through 'Hard IP' represents load cell counts


17. Clock Region Cell Placement per Global Clock: Region X1Y0
-------------------------------------------------------------

+-----------+-------+-----------------+------------+-------------+-----------------+----+--------+------+-----+----+------+-----+---------+--------------------------------------------------------------------------------+
| Global Id | Track | Driver Type/Pin | Constraint | Clock Loads | Non-Clock Loads | FF | LUTRAM | RAMB | DSP | GT | MMCM | PLL | Hard IP | Net                                                                            |
+-----------+-------+-----------------+------------+-------------+-----------------+----+--------+------+-----+----+------+-----+---------+--------------------------------------------------------------------------------+
| g0        | n/a   | BUFG/O          | None       |           4 |               0 |  4 |      0 |    0 |   0 |  0 |    0 |   0 |       0 | uut_M_ddr3_cache/u_mig_7series_0/u_mig_7series_0_mig/u_ddr3_infrastructure/CLK |
| g1        | n/a   | BUFG/O          | None       |          38 |               0 | 38 |      0 |    0 |   0 |  0 |    0 |   0 |       0 | uut_clk_wiz_0/inst/clk_out3                                                    |
+-----------+-------+-----------------+------------+-------------+-----------------+----+--------+------+-----+----+------+-----+---------+--------------------------------------------------------------------------------+
* Clock Loads column represents the clock pin loads (pin count)
** Non-Clock Loads column represents the non-clock pin loads (pin count)
*** Columns FF, LUTRAM, RAMB through 'Hard IP' represents load cell counts


18. Clock Region Cell Placement per Global Clock: Region X0Y1
-------------------------------------------------------------

+-----------+-------+-----------------+------------+-------------+-----------------+------+--------+------+-----+----+------+-----+---------+-------------------------------------------------------------------------------------+
| Global Id | Track | Driver Type/Pin | Constraint | Clock Loads | Non-Clock Loads | FF   | LUTRAM | RAMB | DSP | GT | MMCM | PLL | Hard IP | Net                                                                                 |
+-----------+-------+-----------------+------------+-------------+-----------------+------+--------+------+-----+----+------+-----+---------+-------------------------------------------------------------------------------------+
| g0        | n/a   | BUFG/O          | None       |        2680 |               0 | 2631 |     18 |    1 |   0 |  0 |    1 |   0 |       0 | uut_M_ddr3_cache/u_mig_7series_0/u_mig_7series_0_mig/u_ddr3_infrastructure/CLK      |
| g1        | n/a   | BUFG/O          | None       |           2 |               0 |    1 |      1 |    0 |   0 |  0 |    0 |   0 |       0 | uut_clk_wiz_0/inst/clk_out3                                                         |
| g2        | n/a   | BUFG/O          | None       |           1 |               0 |    0 |      0 |    1 |   0 |  0 |    0 |   0 |       0 | uut_clk_wiz_0/inst/clk_out2                                                         |
| g3        | n/a   | BUFG/O          | None       |          24 |               0 |   21 |      0 |    0 |   0 |  0 |    0 |   1 |       0 | uut_clk_wiz_0/inst/clk_out5                                                         |
| g5        | n/a   | BUFH/O          | None       |           1 |               0 |    0 |      0 |    0 |   0 |  0 |    1 |   0 |       0 | uut_M_ddr3_cache/u_mig_7series_0/u_mig_7series_0_mig/u_ddr3_infrastructure/pll_clk3 |
+-----------+-------+-----------------+------------+-------------+-----------------+------+--------+------+-----+----+------+-----+---------+-------------------------------------------------------------------------------------+
* Clock Loads column represents the clock pin loads (pin count)
** Non-Clock Loads column represents the non-clock pin loads (pin count)
*** Columns FF, LUTRAM, RAMB through 'Hard IP' represents load cell counts


19. Clock Region Cell Placement per Global Clock: Region X1Y1
-------------------------------------------------------------

+-----------+-------+-----------------+------------+-------------+-----------------+------+--------+------+-----+----+------+-----+---------+--------------------------------------------------------------------------------+
| Global Id | Track | Driver Type/Pin | Constraint | Clock Loads | Non-Clock Loads | FF   | LUTRAM | RAMB | DSP | GT | MMCM | PLL | Hard IP | Net                                                                            |
+-----------+-------+-----------------+------------+-------------+-----------------+------+--------+------+-----+----+------+-----+---------+--------------------------------------------------------------------------------+
| g0        | n/a   | BUFG/O          | None       |        1196 |               0 | 1194 |      0 |    2 |   0 |  0 |    0 |   0 |       0 | uut_M_ddr3_cache/u_mig_7series_0/u_mig_7series_0_mig/u_ddr3_infrastructure/CLK |
| g1        | n/a   | BUFG/O          | None       |          71 |               0 |   69 |      0 |    2 |   0 |  0 |    0 |   0 |       0 | uut_clk_wiz_0/inst/clk_out3                                                    |
| g3        | n/a   | BUFG/O          | None       |          39 |               0 |   39 |      0 |    0 |   0 |  0 |    0 |   0 |       0 | uut_clk_wiz_0/inst/clk_out5                                                    |
| g7        | n/a   | BUFG/O          | None       |           0 |               1 |    0 |      0 |    0 |   0 |  0 |    0 |   0 |       0 | uut_clk_wiz_0/inst/clk_out1                                                    |
| g8        | n/a   | BUFG/O          | None       |           0 |               1 |    0 |      0 |    0 |   0 |  0 |    0 |   0 |       0 | uut_clk_wiz_0/inst/clk_out4                                                    |
+-----------+-------+-----------------+------------+-------------+-----------------+------+--------+------+-----+----+------+-----+---------+--------------------------------------------------------------------------------+
* Clock Loads column represents the clock pin loads (pin count)
** Non-Clock Loads column represents the non-clock pin loads (pin count)
*** Columns FF, LUTRAM, RAMB through 'Hard IP' represents load cell counts


20. Clock Region Cell Placement per Global Clock: Region X0Y2
-------------------------------------------------------------

+-----------+-------+-----------------+------------+-------------+-----------------+----+--------+------+-----+----+------+-----+---------+--------------------------------------------------------------------------------+
| Global Id | Track | Driver Type/Pin | Constraint | Clock Loads | Non-Clock Loads | FF | LUTRAM | RAMB | DSP | GT | MMCM | PLL | Hard IP | Net                                                                            |
+-----------+-------+-----------------+------------+-------------+-----------------+----+--------+------+-----+----+------+-----+---------+--------------------------------------------------------------------------------+
| g0        | n/a   | BUFG/O          | None       |          16 |               0 | 16 |      0 |    0 |   0 |  0 |    0 |   0 |       0 | uut_M_ddr3_cache/u_mig_7series_0/u_mig_7series_0_mig/u_ddr3_infrastructure/CLK |
+-----------+-------+-----------------+------------+-------------+-----------------+----+--------+------+-----+----+------+-----+---------+--------------------------------------------------------------------------------+
* Clock Loads column represents the clock pin loads (pin count)
** Non-Clock Loads column represents the non-clock pin loads (pin count)
*** Columns FF, LUTRAM, RAMB through 'Hard IP' represents load cell counts



# Location of BUFG Primitives 
set_property LOC BUFGCTRL_X0Y6 [get_cells uut_clk_wiz_0/inst/clkf_buf]
set_property LOC BUFGCTRL_X0Y0 [get_cells uut_clk_wiz_0/inst/clkout5_buf]
set_property LOC BUFGCTRL_X0Y2 [get_cells uut_clk_wiz_0/inst/clkout4_buf]
set_property LOC BUFGCTRL_X0Y3 [get_cells uut_clk_wiz_0/inst/clkout3_buf]
set_property LOC BUFGCTRL_X0Y4 [get_cells uut_clk_wiz_0/inst/clkout2_buf]
set_property LOC BUFGCTRL_X0Y1 [get_cells uut_clk_wiz_0/inst/clkout1_buf]
set_property LOC BUFGCTRL_X0Y16 [get_cells uut_M_ddr3_cache/u_mig_7series_0/u_mig_7series_0_mig/u_ddr3_infrastructure/u_bufg_clkdiv0]
set_property LOC BUFGCTRL_X0Y5 [get_cells i_image_sensor_pclk_IBUF_BUFG_inst]

# Location of BUFH Primitives 
set_property LOC BUFHCE_X0Y12 [get_cells uut_M_ddr3_cache/u_mig_7series_0/u_mig_7series_0_mig/u_ddr3_infrastructure/u_bufh_pll_clk3]

# Location of IO Primitives which is load of clock spine
set_property LOC IOB_X1Y76 [get_cells o_vga_clk_OBUF_inst]
set_property LOC IOB_X1Y80 [get_cells o_image_sensor_xclk_OBUF_inst]

# Location of clock ports
set_property LOC IOB_X0Y24 [get_ports i_clk]
set_property LOC IOB_X1Y70 [get_ports i_image_sensor_pclk]

# Clock net "uut_clk_wiz_0/inst/clk_out5" driven by instance "uut_clk_wiz_0/inst/clkout5_buf" located at site "BUFGCTRL_X0Y0"
#startgroup
create_pblock {CLKAG_uut_clk_wiz_0/inst/clk_out5}
add_cells_to_pblock [get_pblocks  {CLKAG_uut_clk_wiz_0/inst/clk_out5}] [get_cells -filter { PRIMITIVE_GROUP != I/O && IS_PRIMITIVE==1 && PRIMITIVE_LEVEL !=INTERNAL && NAME!=uut_M_ddr3_cache/u_mig_7series_0/u_mig_7series_0_mig/u_ddr3_infrastructure/plle2_i} -of_object [get_pins -filter {DIRECTION==IN} -of_objects [get_nets -hierarchical -filter {PARENT=="uut_clk_wiz_0/inst/clk_out5"}]]]
resize_pblock [get_pblocks {CLKAG_uut_clk_wiz_0/inst/clk_out5}] -add {CLOCKREGION_X0Y1:CLOCKREGION_X0Y1 CLOCKREGION_X1Y1:CLOCKREGION_X1Y1}
#endgroup

# Clock net "uut_clk_wiz_0/inst/clk_out3" driven by instance "uut_clk_wiz_0/inst/clkout3_buf" located at site "BUFGCTRL_X0Y3"
#startgroup
create_pblock {CLKAG_uut_clk_wiz_0/inst/clk_out3}
add_cells_to_pblock [get_pblocks  {CLKAG_uut_clk_wiz_0/inst/clk_out3}] [get_cells -filter { PRIMITIVE_GROUP != I/O && IS_PRIMITIVE==1 && PRIMITIVE_LEVEL !=INTERNAL } -of_object [get_pins -filter {DIRECTION==IN} -of_objects [get_nets -hierarchical -filter {PARENT=="uut_clk_wiz_0/inst/clk_out3"}]]]
resize_pblock [get_pblocks {CLKAG_uut_clk_wiz_0/inst/clk_out3}] -add {CLOCKREGION_X0Y0:CLOCKREGION_X0Y0 CLOCKREGION_X0Y1:CLOCKREGION_X0Y1 CLOCKREGION_X1Y0:CLOCKREGION_X1Y0 CLOCKREGION_X1Y1:CLOCKREGION_X1Y1}
#endgroup

# Clock net "uut_clk_wiz_0/inst/clk_out2" driven by instance "uut_clk_wiz_0/inst/clkout2_buf" located at site "BUFGCTRL_X0Y4"
#startgroup
create_pblock {CLKAG_uut_clk_wiz_0/inst/clk_out2}
add_cells_to_pblock [get_pblocks  {CLKAG_uut_clk_wiz_0/inst/clk_out2}] [get_cells -filter { PRIMITIVE_GROUP != I/O && IS_PRIMITIVE==1 && PRIMITIVE_LEVEL !=INTERNAL } -of_object [get_pins -filter {DIRECTION==IN} -of_objects [get_nets -hierarchical -filter {PARENT=="uut_clk_wiz_0/inst/clk_out2"}]]]
resize_pblock [get_pblocks {CLKAG_uut_clk_wiz_0/inst/clk_out2}] -add {CLOCKREGION_X0Y0:CLOCKREGION_X0Y0 CLOCKREGION_X0Y1:CLOCKREGION_X0Y1}
#endgroup

# Clock net "uut_M_ddr3_cache/u_mig_7series_0/u_mig_7series_0_mig/u_ddr3_infrastructure/CLK" driven by instance "uut_M_ddr3_cache/u_mig_7series_0/u_mig_7series_0_mig/u_ddr3_infrastructure/u_bufg_clkdiv0" located at site "BUFGCTRL_X0Y16"
#startgroup
create_pblock {CLKAG_uut_M_ddr3_cache/u_mig_7series_0/u_mig_7series_0_mig/u_ddr3_infrastructure/CLK}
add_cells_to_pblock [get_pblocks  {CLKAG_uut_M_ddr3_cache/u_mig_7series_0/u_mig_7series_0_mig/u_ddr3_infrastructure/CLK}] [get_cells -filter { PRIMITIVE_GROUP != I/O && IS_PRIMITIVE==1 && PRIMITIVE_LEVEL !=INTERNAL && NAME!=uut_M_ddr3_cache/u_mig_7series_0/u_mig_7series_0_mig/u_ddr3_infrastructure/gen_mmcm.mmcm_i} -of_object [get_pins -filter {DIRECTION==IN} -of_objects [get_nets -hierarchical -filter {PARENT=="uut_M_ddr3_cache/u_mig_7series_0/u_mig_7series_0_mig/u_ddr3_infrastructure/CLK"}]]]
resize_pblock [get_pblocks {CLKAG_uut_M_ddr3_cache/u_mig_7series_0/u_mig_7series_0_mig/u_ddr3_infrastructure/CLK}] -add {CLOCKREGION_X0Y0:CLOCKREGION_X0Y0 CLOCKREGION_X0Y1:CLOCKREGION_X0Y1 CLOCKREGION_X0Y2:CLOCKREGION_X0Y2 CLOCKREGION_X1Y0:CLOCKREGION_X1Y0 CLOCKREGION_X1Y1:CLOCKREGION_X1Y1}
#endgroup

# Clock net "i_image_sensor_pclk_IBUF_BUFG" driven by instance "i_image_sensor_pclk_IBUF_BUFG_inst" located at site "BUFGCTRL_X0Y5"
#startgroup
create_pblock {CLKAG_i_image_sensor_pclk_IBUF_BUFG}
add_cells_to_pblock [get_pblocks  {CLKAG_i_image_sensor_pclk_IBUF_BUFG}] [get_cells -filter { PRIMITIVE_GROUP != I/O && IS_PRIMITIVE==1 && PRIMITIVE_LEVEL !=INTERNAL } -of_object [get_pins -filter {DIRECTION==IN} -of_objects [get_nets -hierarchical -filter {PARENT=="i_image_sensor_pclk_IBUF_BUFG"}]]]
resize_pblock [get_pblocks {CLKAG_i_image_sensor_pclk_IBUF_BUFG}] -add {CLOCKREGION_X0Y0:CLOCKREGION_X0Y0}
#endgroup
